<?xml version="1.0" encoding="UTF-8"?>
<!-- Generated by org.testng.reporters.JUnitXMLReporter -->
<testsuite ignored="0" hostname="DESKTOP-O5G3CAC" failures="0" tests="2" name="Error Validation Test" time="20.614" errors="0" timestamp="2024-07-09T19:50:56 IST">
  <testcase classname="supratimdas.SeleniumFrameworkDesign.ErrorValidationsTest" name="LoginErrorValidation" time="0.476"/>
  <testcase classname="supratimdas.SeleniumFrameworkDesign.ErrorValidationsTest" name="ProductErrorValidation" time="4.536"/>
</testsuite> <!-- Error Validation Test -->
